  NetworkRecvThread.cpp
D:\D 다운로드\Server\Server\ServerLoopThread.h(25,19): error C2065: 'PACKET_SIZE': undeclared identifier
  ServerLoopThread.cpp
D:\D 다운로드\Server\Server\ServerLoopThread.h(25,19): error C2065: 'PACKET_SIZE': undeclared identifier
D:\D 다운로드\Server\Server\ServerLoopThread.cpp(15,18): error C2374: 'PACKET_SIZE': redefinition; multiple initialization
D:\D 다운로드\Server\Server\ServerLoopThread.h(56): message : see declaration of 'PACKET_SIZE'
D:\D 다운로드\Server\Server\ServerLoopThread.cpp(36,4): error C2146: syntax error: missing ')' before identifier 'SOCKETINFO'
D:\D 다운로드\Server\Server\ServerLoopThread.cpp(38,4): error C2065: 'ptr': undeclared identifier
D:\D 다운로드\Server\Server\ServerLoopThread.cpp(38,4): error C2660: 'memset': function does not take 2 arguments
C:\Program Files (x86)\Microsoft Visual Studio\2019\Community\VC\Tools\MSVC\14.28.29333\include\vcruntime_string.h(63,15): message : see declaration of 'memset'
D:\D 다운로드\Server\Server\ServerLoopThread.cpp(40,25): error C2065: 'ptr': undeclared identifier
D:\D 다운로드\Server\Server\ServerLoopThread.cpp(40,37): error C2065: 'ptr': undeclared identifier
D:\D 다운로드\Server\Server\ServerLoopThread.cpp(41,18): error C2065: 'ptr': undeclared identifier
D:\D 다운로드\Server\Server\ServerLoopThread.cpp(40,17): error C2660: 'WSASend': function does not take 5 arguments
C:\Program Files (x86)\Windows Kits\10\Include\10.0.18362.0\um\winsock2.h(3292,1): message : see declaration of 'WSASend'
  main.cpp
D:\D 다운로드\Server\Server\ServerLoopThread.h(25,19): error C2065: 'PACKET_SIZE': undeclared identifier
D:\D 다운로드\Server\Server\main.cpp(98,25): error C2039: 'sendbytes': is not a member of 'SOCKETINFO'
D:\D 다운로드\Server\Server\SOCKETINFO.h(7): message : see declaration of 'SOCKETINFO'
D:\D 다운로드\Server\Server\main.cpp(106,3): error C2065: '센드': undeclared identifier
D:\D 다운로드\Server\Server\main.cpp(106,10): error C2146: syntax error: missing ';' before identifier '버퍼'
D:\D 다운로드\Server\Server\main.cpp(106,10): error C2065: '버퍼': undeclared identifier
D:\D 다운로드\Server\Server\main.cpp(106,17): error C2146: syntax error: missing ';' before identifier '따로'
D:\D 다운로드\Server\Server\main.cpp(106,17): error C2065: '따로': undeclared identifier
D:\D 다운로드\Server\Server\main.cpp(106,24): error C2146: syntax error: missing ';' before identifier '만들기'
D:\D 다운로드\Server\Server\main.cpp(106,24): error C2065: '만들기': undeclared identifier
  Generating Code...
